%MSG-i MF_INIT_OK:  lar 29-Jun-2016 13:42:48 CDT JobSetup
Messagelogger initialization complete.
%MSG
%MSG-w CONFIG:  lar 29-Jun-2016 13:42:50 CDT JobSetup
Use of services.user parameter set is deprecated.
Define all services in services parameter set.
%MSG
%MSG-i Root_Information:  lar TGeoManager::Import() 29-Jun-2016 13:42:50 CDT  JobSetup
Reading geometry from file: /storage/local/data1/condor/execute/dir_43752/glide_VvByJb/execute/dir_2560/no_xfer/working_dir.W57YieAOrM/local/uboonecode/v05_12_00/gdml/microboonev10.gdml
%MSG
%MSG-i Root_Information:  lar TGeoManager::TGeoManager()  29-Jun-2016 13:42:50 CDT JobSetup
Geometry GDMLImport, Geometry imported from GDML created
%MSG
%MSG-i Root_Information:  lar TGeoManager::SetTopVolume()  29-Jun-2016 13:42:55 CDT JobSetup
Top volume is volWorld. Master volume is volWorld
%MSG
%MSG-i Root_Information:  lar TGeoNavigator::BuildCache()  29-Jun-2016 13:42:55 CDT JobSetup
--- Maximum geometry depth set to 100
%MSG
%MSG-i Root_Information:  lar TGeoManager::CheckGeometry()  29-Jun-2016 13:42:55 CDT JobSetup
Fixing runtime shapes...
%MSG
%MSG-i Root_Information:  lar TGeoManager::CheckGeometry()  29-Jun-2016 13:42:55 CDT JobSetup
...Nothing to fix
%MSG
%MSG-i Root_Information:  lar TGeoManager::CloseGeometry()  29-Jun-2016 13:42:55 CDT JobSetup
Counting nodes...
%MSG
%MSG-i Root_Information:  lar TGeoManager::Voxelize() 29-Jun-2016 13:42:55 CDT  JobSetup
Voxelizing...
%MSG
%MSG-i Root_Information:  lar TGeoManager::CloseGeometry()  29-Jun-2016 13:42:55 CDT JobSetup
Building cache...
%MSG
%MSG-i Root_Information:  lar TGeoManager::CountLevels()  29-Jun-2016 13:42:55 CDT JobSetup
max level = 5, max placements = 3456
%MSG
%MSG-i Root_Information:  lar TGeoManager::CloseGeometry()  29-Jun-2016 13:42:55 CDT JobSetup
9086 nodes/ 748 volume UID's in Geometry imported from GDML
%MSG
%MSG-i Root_Information:  lar TGeoManager::CloseGeometry()  29-Jun-2016 13:42:55 CDT JobSetup
----------------modeler ready----------------
%MSG
%MSG-i GeometryCore:  lar 29-Jun-2016 13:42:55 CDT JobSetup
New detector geometry loaded from 
	/storage/local/data1/condor/execute/dir_43752/glide_VvByJb/execute/dir_2560/no_xfer/working_dir.W57YieAOrM/local/uboonecode/v05_12_00/gdml/microboonev10.gdml
	/storage/local/data1/condor/execute/dir_43752/glide_VvByJb/execute/dir_2560/no_xfer/working_dir.W57YieAOrM/local/uboonecode/v05_12_00/gdml/microboonev10_nowires.gdml

%MSG
%MSG-i ChannelMapStandardAlg:  lar 29-Jun-2016 13:42:55 CDT JobSetup
Initializing Standard ChannelMap...
%MSG
%MSG-i ChannelMapStandardAlg:  lar 29-Jun-2016 13:42:55 CDT JobSetup
Initializing Standard ChannelMap...
%MSG
%MSG-i GeneratedEventTimestamp:  lar 29-Jun-2016 13:42:57 CDT JobSetup
Timestamp plugin: timestamp from local clock time in nanoseconds.
%MSG
%MSG-i FastCloning:  RootOutput:out1@Construction 29-Jun-2016 13:42:57 CDT  ModuleConstruction
Initial fast cloning configuration (from default): true
%MSG
%MSG-i RANDOM:  CORSIKAGen:generator@Construction 29-Jun-2016 13:42:57 CDT  ModuleConstruction
Instantiated HepJamesRandom engine "generator:" with seed 0.

%MSG
%MSG-i LArSeedService:  CORSIKAGen:generator@Construction  29-Jun-2016 13:42:57 CDT ModuleConstruction
Seeding default-type engine "generator:" with seed 0.
%MSG
%MSG-i CorsikaGen:  CORSIKAGen:generator@Construction 29-Jun-2016 13:43:22 CDT  ModuleConstruction
For /pnfs/uboone/persistent/users/mibass/corsika/sqShowers/p_showers_*.db:p_showers_*.db
Found 50 candidate files
Choosing file number 17

Selected /pnfs/uboone/persistent/users/mibass/corsika/sqShowers/p_showers_035036.db

%MSG
%MSG-i CorsikaGen:  CORSIKAGen:generator@Construction 29-Jun-2016 13:43:48 CDT  ModuleConstruction
For /pnfs/uboone/persistent/users/mibass/corsika/sqShowers/He_showers_*.db:He_showers_*.db
Found 50 candidate files
Choosing file number 4

Selected /pnfs/uboone/persistent/users/mibass/corsika/sqShowers/He_showers_009010.db

%MSG
%MSG-i CorsikaGen:  CORSIKAGen:generator@Construction 29-Jun-2016 13:44:16 CDT  ModuleConstruction
For /pnfs/uboone/persistent/users/mibass/corsika/sqShowers/N_showers_*.db:N_showers_*.db
Found 50 candidate files
Choosing file number 9

Selected /pnfs/uboone/persistent/users/mibass/corsika/sqShowers/N_showers_019020.db

%MSG
%MSG-i CorsikaGen:  CORSIKAGen:generator@Construction 29-Jun-2016 13:44:44 CDT  ModuleConstruction
For /pnfs/uboone/persistent/users/mibass/corsika/sqShowers/Mg_showers_*.db:Mg_showers_*.db
Found 50 candidate files
Choosing file number 32

Selected /pnfs/uboone/persistent/users/mibass/corsika/sqShowers/Mg_showers_065066.db

%MSG
%MSG-i CorsikaGen:  CORSIKAGen:generator@Construction 29-Jun-2016 13:45:14 CDT  ModuleConstruction
For /pnfs/uboone/persistent/users/mibass/corsika/sqShowers/Fe_showers_*.db:Fe_showers_*.db
Found 50 candidate files
Choosing file number 16

Selected /pnfs/uboone/persistent/users/mibass/corsika/sqShowers/Fe_showers_033034.db

%MSG
%MSG-i CorsikaGen:  CORSIKAGen:generator@Construction 29-Jun-2016 13:45:14 CDT  ModuleConstruction
Fetching: /pnfs/uboone/persistent/users/mibass/corsika/sqShowers/p_showers_035036.db 88734720

%MSG
%MSG-i CorsikaGen:  CORSIKAGen:generator@Construction 29-Jun-2016 13:45:29 CDT  ModuleConstruction
Fetched; local path: /storage/local/data1/condor/execute/dir_43752/glide_VvByJb/execute/dir_2560/no_xfer/ifdh_16789_43800/p_showers_035036.db

%MSG
%MSG-i CorsikaGen:  CORSIKAGen:generator@Construction 29-Jun-2016 13:45:29 CDT  ModuleConstruction
Done; local path: /storage/local/data1/condor/execute/dir_43752/glide_VvByJb/execute/dir_2560/no_xfer/ifdh_16789_43800/p_showers_035036.db

%MSG
%MSG-i CorsikaGen:  CORSIKAGen:generator@Construction 29-Jun-2016 13:45:29 CDT  ModuleConstruction
Fetching: /pnfs/uboone/persistent/users/mibass/corsika/sqShowers/He_showers_009010.db 4802560

%MSG
%MSG-i CorsikaGen:  CORSIKAGen:generator@Construction 29-Jun-2016 13:45:45 CDT  ModuleConstruction
Fetched; local path: /storage/local/data1/condor/execute/dir_43752/glide_VvByJb/execute/dir_2560/no_xfer/ifdh_16789_43800/He_showers_009010.db

%MSG
%MSG-i CorsikaGen:  CORSIKAGen:generator@Construction 29-Jun-2016 13:45:45 CDT  ModuleConstruction
Done; local path: /storage/local/data1/condor/execute/dir_43752/glide_VvByJb/execute/dir_2560/no_xfer/ifdh_16789_43800/He_showers_009010.db

%MSG
%MSG-i CorsikaGen:  CORSIKAGen:generator@Construction 29-Jun-2016 13:45:45 CDT  ModuleConstruction
Fetching: /pnfs/uboone/persistent/users/mibass/corsika/sqShowers/N_showers_019020.db 529408

%MSG
%MSG-i CorsikaGen:  CORSIKAGen:generator@Construction 29-Jun-2016 13:46:01 CDT  ModuleConstruction
Fetched; local path: /storage/local/data1/condor/execute/dir_43752/glide_VvByJb/execute/dir_2560/no_xfer/ifdh_16789_43800/N_showers_019020.db

%MSG
%MSG-i CorsikaGen:  CORSIKAGen:generator@Construction 29-Jun-2016 13:46:01 CDT  ModuleConstruction
Done; local path: /storage/local/data1/condor/execute/dir_43752/glide_VvByJb/execute/dir_2560/no_xfer/ifdh_16789_43800/N_showers_019020.db

%MSG
%MSG-i CorsikaGen:  CORSIKAGen:generator@Construction 29-Jun-2016 13:46:01 CDT  ModuleConstruction
Fetching: /pnfs/uboone/persistent/users/mibass/corsika/sqShowers/Mg_showers_065066.db 479232

%MSG
%MSG-i CorsikaGen:  CORSIKAGen:generator@Construction 29-Jun-2016 13:46:18 CDT  ModuleConstruction
Fetched; local path: /storage/local/data1/condor/execute/dir_43752/glide_VvByJb/execute/dir_2560/no_xfer/ifdh_16789_43800/Mg_showers_065066.db

%MSG
%MSG-i CorsikaGen:  CORSIKAGen:generator@Construction 29-Jun-2016 13:46:18 CDT  ModuleConstruction
Done; local path: /storage/local/data1/condor/execute/dir_43752/glide_VvByJb/execute/dir_2560/no_xfer/ifdh_16789_43800/Mg_showers_065066.db

%MSG
%MSG-i CorsikaGen:  CORSIKAGen:generator@Construction 29-Jun-2016 13:46:18 CDT  ModuleConstruction
Fetching: /pnfs/uboone/persistent/users/mibass/corsika/sqShowers/Fe_showers_033034.db 296960

%MSG
%MSG-i CorsikaGen:  CORSIKAGen:generator@Construction 29-Jun-2016 13:46:34 CDT  ModuleConstruction
Fetched; local path: /storage/local/data1/condor/execute/dir_43752/glide_VvByJb/execute/dir_2560/no_xfer/ifdh_16789_43800/Fe_showers_033034.db

%MSG
%MSG-i CorsikaGen:  CORSIKAGen:generator@Construction 29-Jun-2016 13:46:34 CDT  ModuleConstruction
Done; local path: /storage/local/data1/condor/execute/dir_43752/glide_VvByJb/execute/dir_2560/no_xfer/ifdh_16789_43800/Fe_showers_033034.db

%MSG
%MSG-i CORSIKAGen:  CORSIKAGen:generator@Construction 29-Jun-2016 13:46:34 CDT  ModuleConstruction
Attached db /storage/local/data1/condor/execute/dir_43752/glide_VvByJb/execute/dir_2560/no_xfer/ifdh_16789_43800/p_showers_035036.db

%MSG
%MSG-i CORSIKAGen:  CORSIKAGen:generator@Construction 29-Jun-2016 13:46:34 CDT  ModuleConstruction
Attached db /storage/local/data1/condor/execute/dir_43752/glide_VvByJb/execute/dir_2560/no_xfer/ifdh_16789_43800/He_showers_009010.db

%MSG
%MSG-i CORSIKAGen:  CORSIKAGen:generator@Construction 29-Jun-2016 13:46:34 CDT  ModuleConstruction
Attached db /storage/local/data1/condor/execute/dir_43752/glide_VvByJb/execute/dir_2560/no_xfer/ifdh_16789_43800/N_showers_019020.db

%MSG
%MSG-i CORSIKAGen:  CORSIKAGen:generator@Construction 29-Jun-2016 13:46:34 CDT  ModuleConstruction
Attached db /storage/local/data1/condor/execute/dir_43752/glide_VvByJb/execute/dir_2560/no_xfer/ifdh_16789_43800/Mg_showers_065066.db

%MSG
%MSG-i CORSIKAGen:  CORSIKAGen:generator@Construction 29-Jun-2016 13:46:34 CDT  ModuleConstruction
Attached db /storage/local/data1/condor/execute/dir_43752/glide_VvByJb/execute/dir_2560/no_xfer/ifdh_16789_43800/Fe_showers_033034.db

%MSG
%MSG-i CORSIKAGen:  CORSIKAGen:generator@Construction 29-Jun-2016 13:46:34 CDT  ModuleConstruction
Cryo Boundary: 0=-63.435 ( + Buffer=-250)

%MSG
%MSG-i CORSIKAGen:  CORSIKAGen:generator@Construction 29-Jun-2016 13:46:34 CDT  ModuleConstruction
Cryo Boundary: 1=319.785 ( + Buffer=250)

%MSG
%MSG-i CORSIKAGen:  CORSIKAGen:generator@Construction 29-Jun-2016 13:46:34 CDT  ModuleConstruction
Cryo Boundary: 2=-191.61 ( + Buffer=-250)

%MSG
%MSG-i CORSIKAGen:  CORSIKAGen:generator@Construction 29-Jun-2016 13:46:34 CDT  ModuleConstruction
Cryo Boundary: 3=191.61 ( + Buffer=250)

%MSG
%MSG-i CORSIKAGen:  CORSIKAGen:generator@Construction 29-Jun-2016 13:46:34 CDT  ModuleConstruction
Cryo Boundary: 4=-92.375 ( + Buffer=-250)

%MSG
%MSG-i CORSIKAGen:  CORSIKAGen:generator@Construction 29-Jun-2016 13:46:34 CDT  ModuleConstruction
Cryo Boundary: 5=1129.38 ( + Buffer=250)

%MSG
%MSG-i CORSIKAGen:  CORSIKAGen:generator@Construction 29-Jun-2016 13:46:34 CDT  ModuleConstruction
Area extended by : 1000

%MSG
%MSG-i CORSIKAGen:  CORSIKAGen:generator@Construction 29-Jun-2016 13:46:34 CDT  ModuleConstruction
Showers to be distributed betweeen: x=-1063.43,1319.79 & z=-1092.38,2129.38

%MSG
%MSG-i CORSIKAGen:  CORSIKAGen:generator@Construction 29-Jun-2016 13:46:34 CDT  ModuleConstruction
Showers to be distributed with random XZ shift: 1000 cm

%MSG
%MSG-i CORSIKAGen:  CORSIKAGen:generator@Construction 29-Jun-2016 13:46:34 CDT  ModuleConstruction
Showers to be distributed over area: 767.814 m^2

%MSG
%MSG-i CORSIKAGen:  CORSIKAGen:generator@Construction 29-Jun-2016 13:46:34 CDT  ModuleConstruction
Showers to be distributed over time: 0.00725 s

%MSG
%MSG-i CORSIKAGen:  CORSIKAGen:generator@Construction 29-Jun-2016 13:46:34 CDT  ModuleConstruction
Showers to be distributed with time offset: -0.00405 s

%MSG
%MSG-i CORSIKAGen:  CORSIKAGen:generator@Construction 29-Jun-2016 13:46:34 CDT  ModuleConstruction
Showers to be distributed at y: 191.61 cm

%MSG
%MSG-i CORSIKAGen:  CORSIKAGen:generator@Construction 29-Jun-2016 13:46:34 CDT  ModuleConstruction
For showers input 0 found e_hi=100000, e_lo=1.3, slope=-2.7, k=17200

%MSG
%MSG-i CORSIKAGen:  CORSIKAGen:generator@Construction 29-Jun-2016 13:46:34 CDT  ModuleConstruction
For showers input 0 the number of showers per event is 113271

%MSG
%MSG-i CORSIKAGen:  CORSIKAGen:generator@Construction 29-Jun-2016 13:46:34 CDT  ModuleConstruction
For showers input 1 found e_hi=100000, e_lo=5.2, slope=-2.7, k=9200

%MSG
%MSG-i CORSIKAGen:  CORSIKAGen:generator@Construction 29-Jun-2016 13:46:34 CDT  ModuleConstruction
For showers input 1 the number of showers per event is 5739

%MSG
%MSG-i CORSIKAGen:  CORSIKAGen:generator@Construction 29-Jun-2016 13:46:34 CDT  ModuleConstruction
For showers input 2 found e_hi=100000, e_lo=18.2, slope=-2.7, k=6200

%MSG
%MSG-i CORSIKAGen:  CORSIKAGen:generator@Construction 29-Jun-2016 13:46:34 CDT  ModuleConstruction
For showers input 2 the number of showers per event is 459

%MSG
%MSG-i CORSIKAGen:  CORSIKAGen:generator@Construction 29-Jun-2016 13:46:34 CDT  ModuleConstruction
For showers input 3 found e_hi=100000, e_lo=31.2, slope=-2.7, k=9200

%MSG
%MSG-i CORSIKAGen:  CORSIKAGen:generator@Construction 29-Jun-2016 13:46:34 CDT  ModuleConstruction
For showers input 3 the number of showers per event is 272

%MSG
%MSG-i CORSIKAGen:  CORSIKAGen:generator@Construction 29-Jun-2016 13:46:34 CDT  ModuleConstruction
For showers input 4 found e_hi=100000, e_lo=72.8, slope=-2.7, k=6200

%MSG
%MSG-i CORSIKAGen:  CORSIKAGen:generator@Construction 29-Jun-2016 13:46:34 CDT  ModuleConstruction
For showers input 4 the number of showers per event is 43

%MSG
%MSG-i CORSIKAGen:  CORSIKAGen:generator@Construction 29-Jun-2016 13:46:34 CDT  ModuleConstruction
For showers input 0 found particles.min(t)=375659

%MSG
%MSG-i CORSIKAGen:  CORSIKAGen:generator@Construction 29-Jun-2016 13:46:34 CDT  ModuleConstruction
For showers input 1 found particles.min(t)=375694

%MSG
%MSG-i CORSIKAGen:  CORSIKAGen:generator@Construction 29-Jun-2016 13:46:34 CDT  ModuleConstruction
For showers input 2 found particles.min(t)=377329

%MSG
%MSG-i CORSIKAGen:  CORSIKAGen:generator@Construction 29-Jun-2016 13:46:34 CDT  ModuleConstruction
For showers input 3 found particles.min(t)=377072

%MSG
%MSG-i CORSIKAGen:  CORSIKAGen:generator@Construction 29-Jun-2016 13:46:34 CDT  ModuleConstruction
For showers input 4 found particles.min(t)=376919

%MSG
%MSG-i CORSIKAGen:  CORSIKAGen:generator@Construction 29-Jun-2016 13:46:34 CDT  ModuleConstruction
Found corsika timeoffset [ns]: 375659

%MSG
%MSG-w FastCloning:  PostOpenFile 29-Jun-2016 13:46:34 CDT BeforeEvents
Fast cloning deactivated for this input file due to empty event tree and/or event limits.
%MSG
%MSG-w LoadNewGeometry:  PostSourceRun 29-Jun-2016 13:46:34 CDT run: 1
cannot find sumdata::RunData object to grab detector name
this is expected if generating MC files
using default geometry from configuration file

%MSG
Begin processing the 1st record. run: 1 subRun: 1 event: 1 at 29-Jun-2016 13:46:34 CDT
%MSG-i CORSIKAGen:  CORSIKAGen:generator 29-Jun-2016 13:46:34 CDT  run: 1 subRun: 1 event: 1
Executing: select shower,pdg,px,py,pz,x,z,t,e from particles where shower in (select id from showers ORDER BY substr(id*0.771111,length(id)+2) limit 113271) ORDER BY substr(shower*0.771111,length(shower)+2)

%MSG
%MSG-i CORSIKAGen:  CORSIKAGen:generator 29-Jun-2016 13:46:50 CDT  run: 1 subRun: 1 event: 1
Executing: select shower,pdg,px,py,pz,x,z,t,e from particles where shower in (select id from showers ORDER BY substr(id*0.783139,length(id)+2) limit 5739) ORDER BY substr(shower*0.783139,length(shower)+2)

%MSG
%MSG-i CORSIKAGen:  CORSIKAGen:generator 29-Jun-2016 13:46:51 CDT  run: 1 subRun: 1 event: 1
Executing: select shower,pdg,px,py,pz,x,z,t,e from particles where shower in (select id from showers ORDER BY substr(id*0.771804,length(id)+2) limit 459) ORDER BY substr(shower*0.771804,length(shower)+2)

%MSG
%MSG-i CORSIKAGen:  CORSIKAGen:generator 29-Jun-2016 13:46:51 CDT  run: 1 subRun: 1 event: 1
Executing: select shower,pdg,px,py,pz,x,z,t,e from particles where shower in (select id from showers ORDER BY substr(id*0.010048,length(id)+2) limit 272) ORDER BY substr(shower*0.010048,length(shower)+2)

%MSG
%MSG-i CORSIKAGen:  CORSIKAGen:generator 29-Jun-2016 13:46:51 CDT  run: 1 subRun: 1 event: 1
Executing: select shower,pdg,px,py,pz,x,z,t,e from particles where shower in (select id from showers ORDER BY substr(id*0.827197,length(id)+2) limit 43) ORDER BY substr(shower*0.827197,length(shower)+2)

%MSG
%MSG-i CORSIKAGen:  CORSIKAGen:generator 29-Jun-2016 13:46:51 CDT  run: 1 subRun: 1 event: 1
GetSample number of particles returned: 1478

%MSG
%MSG-i CORSIKAGen:  CORSIKAGen:generator 29-Jun-2016 13:46:51 CDT  run: 1 subRun: 1 event: 1
Number of particles from getsample crossing cryostat + bounding box: 480

%MSG
Begin processing the 2nd record. run: 1 subRun: 1 event: 2 at 29-Jun-2016 13:46:51 CDT
%MSG-i CORSIKAGen:  CORSIKAGen:generator 29-Jun-2016 13:46:51 CDT  run: 1 subRun: 1 event: 2
Executing: select shower,pdg,px,py,pz,x,z,t,e from particles where shower in (select id from showers ORDER BY substr(id*0.551284,length(id)+2) limit 113271) ORDER BY substr(shower*0.551284,length(shower)+2)

%MSG
%MSG-i CORSIKAGen:  CORSIKAGen:generator 29-Jun-2016 13:47:05 CDT  run: 1 subRun: 1 event: 2
Executing: select shower,pdg,px,py,pz,x,z,t,e from particles where shower in (select id from showers ORDER BY substr(id*0.735617,length(id)+2) limit 5739) ORDER BY substr(shower*0.735617,length(shower)+2)

%MSG
%MSG-i CORSIKAGen:  CORSIKAGen:generator 29-Jun-2016 13:47:06 CDT  run: 1 subRun: 1 event: 2
Executing: select shower,pdg,px,py,pz,x,z,t,e from particles where shower in (select id from showers ORDER BY substr(id*0.194376,length(id)+2) limit 459) ORDER BY substr(shower*0.194376,length(shower)+2)

%MSG
%MSG-i CORSIKAGen:  CORSIKAGen:generator 29-Jun-2016 13:47:06 CDT  run: 1 subRun: 1 event: 2
Executing: select shower,pdg,px,py,pz,x,z,t,e from particles where shower in (select id from showers ORDER BY substr(id*0.490213,length(id)+2) limit 272) ORDER BY substr(shower*0.490213,length(shower)+2)

%MSG
%MSG-i CORSIKAGen:  CORSIKAGen:generator 29-Jun-2016 13:47:06 CDT  run: 1 subRun: 1 event: 2
Executing: select shower,pdg,px,py,pz,x,z,t,e from particles where shower in (select id from showers ORDER BY substr(id*0.248459,length(id)+2) limit 43) ORDER BY substr(shower*0.248459,length(shower)+2)

%MSG
%MSG-i CORSIKAGen:  CORSIKAGen:generator 29-Jun-2016 13:47:06 CDT  run: 1 subRun: 1 event: 2
GetSample number of particles returned: 1458

%MSG
%MSG-i CORSIKAGen:  CORSIKAGen:generator 29-Jun-2016 13:47:06 CDT  run: 1 subRun: 1 event: 2
Number of particles from getsample crossing cryostat + bounding box: 483

%MSG
Begin processing the 3rd record. run: 1 subRun: 1 event: 3 at 29-Jun-2016 13:47:06 CDT
%MSG-i CORSIKAGen:  CORSIKAGen:generator 29-Jun-2016 13:47:06 CDT  run: 1 subRun: 1 event: 3
Executing: select shower,pdg,px,py,pz,x,z,t,e from particles where shower in (select id from showers ORDER BY substr(id*0.934138,length(id)+2) limit 113271) ORDER BY substr(shower*0.934138,length(shower)+2)

%MSG
%MSG-i CORSIKAGen:  CORSIKAGen:generator 29-Jun-2016 13:47:23 CDT  run: 1 subRun: 1 event: 3
Executing: select shower,pdg,px,py,pz,x,z,t,e from particles where shower in (select id from showers ORDER BY substr(id*0.175435,length(id)+2) limit 5739) ORDER BY substr(shower*0.175435,length(shower)+2)

%MSG
%MSG-i CORSIKAGen:  CORSIKAGen:generator 29-Jun-2016 13:47:24 CDT  run: 1 subRun: 1 event: 3
Executing: select shower,pdg,px,py,pz,x,z,t,e from particles where shower in (select id from showers ORDER BY substr(id*0.624730,length(id)+2) limit 459) ORDER BY substr(shower*0.624730,length(shower)+2)

%MSG
%MSG-i CORSIKAGen:  CORSIKAGen:generator 29-Jun-2016 13:47:24 CDT  run: 1 subRun: 1 event: 3
Executing: select shower,pdg,px,py,pz,x,z,t,e from particles where shower in (select id from showers ORDER BY substr(id*0.756488,length(id)+2) limit 272) ORDER BY substr(shower*0.756488,length(shower)+2)

%MSG
%MSG-i CORSIKAGen:  CORSIKAGen:generator 29-Jun-2016 13:47:24 CDT  run: 1 subRun: 1 event: 3
Executing: select shower,pdg,px,py,pz,x,z,t,e from particles where shower in (select id from showers ORDER BY substr(id*0.974321,length(id)+2) limit 43) ORDER BY substr(shower*0.974321,length(shower)+2)

%MSG
%MSG-i CORSIKAGen:  CORSIKAGen:generator 29-Jun-2016 13:47:24 CDT  run: 1 subRun: 1 event: 3
GetSample number of particles returned: 1412

%MSG
%MSG-i CORSIKAGen:  CORSIKAGen:generator 29-Jun-2016 13:47:24 CDT  run: 1 subRun: 1 event: 3
Number of particles from getsample crossing cryostat + bounding box: 500

%MSG
Begin processing the 4th record. run: 1 subRun: 1 event: 4 at 29-Jun-2016 13:47:24 CDT
%MSG-i CORSIKAGen:  CORSIKAGen:generator 29-Jun-2016 13:47:24 CDT  run: 1 subRun: 1 event: 4
Executing: select shower,pdg,px,py,pz,x,z,t,e from particles where shower in (select id from showers ORDER BY substr(id*0.306431,length(id)+2) limit 113271) ORDER BY substr(shower*0.306431,length(shower)+2)

%MSG
%MSG-i CORSIKAGen:  CORSIKAGen:generator 29-Jun-2016 13:47:38 CDT  run: 1 subRun: 1 event: 4
Executing: select shower,pdg,px,py,pz,x,z,t,e from particles where shower in (select id from showers ORDER BY substr(id*0.748762,length(id)+2) limit 5739) ORDER BY substr(shower*0.748762,length(shower)+2)

%MSG
%MSG-i CORSIKAGen:  CORSIKAGen:generator 29-Jun-2016 13:47:39 CDT  run: 1 subRun: 1 event: 4
Executing: select shower,pdg,px,py,pz,x,z,t,e from particles where shower in (select id from showers ORDER BY substr(id*0.608300,length(id)+2) limit 459) ORDER BY substr(shower*0.608300,length(shower)+2)

%MSG
%MSG-i CORSIKAGen:  CORSIKAGen:generator 29-Jun-2016 13:47:39 CDT  run: 1 subRun: 1 event: 4
Executing: select shower,pdg,px,py,pz,x,z,t,e from particles where shower in (select id from showers ORDER BY substr(id*0.100814,length(id)+2) limit 272) ORDER BY substr(shower*0.100814,length(shower)+2)

%MSG
%MSG-i CORSIKAGen:  CORSIKAGen:generator 29-Jun-2016 13:47:39 CDT  run: 1 subRun: 1 event: 4
Executing: select shower,pdg,px,py,pz,x,z,t,e from particles where shower in (select id from showers ORDER BY substr(id*0.169433,length(id)+2) limit 43) ORDER BY substr(shower*0.169433,length(shower)+2)

%MSG
%MSG-i CORSIKAGen:  CORSIKAGen:generator 29-Jun-2016 13:47:39 CDT  run: 1 subRun: 1 event: 4
GetSample number of particles returned: 1480

%MSG
%MSG-i CORSIKAGen:  CORSIKAGen:generator 29-Jun-2016 13:47:39 CDT  run: 1 subRun: 1 event: 4
Number of particles from getsample crossing cryostat + bounding box: 503

%MSG
Begin processing the 5th record. run: 1 subRun: 1 event: 5 at 29-Jun-2016 13:47:39 CDT
%MSG-i CORSIKAGen:  CORSIKAGen:generator 29-Jun-2016 13:47:39 CDT  run: 1 subRun: 1 event: 5
Executing: select shower,pdg,px,py,pz,x,z,t,e from particles where shower in (select id from showers ORDER BY substr(id*0.950807,length(id)+2) limit 113271) ORDER BY substr(shower*0.950807,length(shower)+2)

%MSG
%MSG-i CORSIKAGen:  CORSIKAGen:generator 29-Jun-2016 13:47:52 CDT  run: 1 subRun: 1 event: 5
Executing: select shower,pdg,px,py,pz,x,z,t,e from particles where shower in (select id from showers ORDER BY substr(id*0.784663,length(id)+2) limit 5739) ORDER BY substr(shower*0.784663,length(shower)+2)

%MSG
%MSG-i CORSIKAGen:  CORSIKAGen:generator 29-Jun-2016 13:47:53 CDT  run: 1 subRun: 1 event: 5
Executing: select shower,pdg,px,py,pz,x,z,t,e from particles where shower in (select id from showers ORDER BY substr(id*0.094002,length(id)+2) limit 459) ORDER BY substr(shower*0.094002,length(shower)+2)

%MSG
%MSG-i CORSIKAGen:  CORSIKAGen:generator 29-Jun-2016 13:47:53 CDT  run: 1 subRun: 1 event: 5
Executing: select shower,pdg,px,py,pz,x,z,t,e from particles where shower in (select id from showers ORDER BY substr(id*0.115563,length(id)+2) limit 272) ORDER BY substr(shower*0.115563,length(shower)+2)

%MSG
%MSG-i CORSIKAGen:  CORSIKAGen:generator 29-Jun-2016 13:47:53 CDT  run: 1 subRun: 1 event: 5
Executing: select shower,pdg,px,py,pz,x,z,t,e from particles where shower in (select id from showers ORDER BY substr(id*0.947632,length(id)+2) limit 43) ORDER BY substr(shower*0.947632,length(shower)+2)

%MSG
%MSG-i CORSIKAGen:  CORSIKAGen:generator 29-Jun-2016 13:47:53 CDT  run: 1 subRun: 1 event: 5
GetSample number of particles returned: 1526

%MSG
%MSG-i CORSIKAGen:  CORSIKAGen:generator 29-Jun-2016 13:47:53 CDT  run: 1 subRun: 1 event: 5
Number of particles from getsample crossing cryostat + bounding box: 505

%MSG
Begin processing the 6th record. run: 1 subRun: 1 event: 6 at 29-Jun-2016 13:47:53 CDT
%MSG-i CORSIKAGen:  CORSIKAGen:generator 29-Jun-2016 13:47:53 CDT  run: 1 subRun: 1 event: 6
Executing: select shower,pdg,px,py,pz,x,z,t,e from particles where shower in (select id from showers ORDER BY substr(id*0.360783,length(id)+2) limit 113271) ORDER BY substr(shower*0.360783,length(shower)+2)

%MSG
%MSG-i CORSIKAGen:  CORSIKAGen:generator 29-Jun-2016 13:48:06 CDT  run: 1 subRun: 1 event: 6
Executing: select shower,pdg,px,py,pz,x,z,t,e from particles where shower in (select id from showers ORDER BY substr(id*0.520829,length(id)+2) limit 5739) ORDER BY substr(shower*0.520829,length(shower)+2)

%MSG
%MSG-i CORSIKAGen:  CORSIKAGen:generator 29-Jun-2016 13:48:07 CDT  run: 1 subRun: 1 event: 6
Executing: select shower,pdg,px,py,pz,x,z,t,e from particles where shower in (select id from showers ORDER BY substr(id*0.389056,length(id)+2) limit 459) ORDER BY substr(shower*0.389056,length(shower)+2)

%MSG
%MSG-i CORSIKAGen:  CORSIKAGen:generator 29-Jun-2016 13:48:07 CDT  run: 1 subRun: 1 event: 6
Executing: select shower,pdg,px,py,pz,x,z,t,e from particles where shower in (select id from showers ORDER BY substr(id*0.888738,length(id)+2) limit 272) ORDER BY substr(shower*0.888738,length(shower)+2)

%MSG
%MSG-i CORSIKAGen:  CORSIKAGen:generator 29-Jun-2016 13:48:07 CDT  run: 1 subRun: 1 event: 6
Executing: select shower,pdg,px,py,pz,x,z,t,e from particles where shower in (select id from showers ORDER BY substr(id*0.960203,length(id)+2) limit 43) ORDER BY substr(shower*0.960203,length(shower)+2)

%MSG
%MSG-i CORSIKAGen:  CORSIKAGen:generator 29-Jun-2016 13:48:07 CDT  run: 1 subRun: 1 event: 6
GetSample number of particles returned: 1434

%MSG
%MSG-i CORSIKAGen:  CORSIKAGen:generator 29-Jun-2016 13:48:07 CDT  run: 1 subRun: 1 event: 6
Number of particles from getsample crossing cryostat + bounding box: 476

%MSG
Begin processing the 7th record. run: 1 subRun: 1 event: 7 at 29-Jun-2016 13:48:07 CDT
%MSG-i CORSIKAGen:  CORSIKAGen:generator 29-Jun-2016 13:48:07 CDT  run: 1 subRun: 1 event: 7
Executing: select shower,pdg,px,py,pz,x,z,t,e from particles where shower in (select id from showers ORDER BY substr(id*0.333585,length(id)+2) limit 113271) ORDER BY substr(shower*0.333585,length(shower)+2)

%MSG
%MSG-i CORSIKAGen:  CORSIKAGen:generator 29-Jun-2016 13:48:24 CDT  run: 1 subRun: 1 event: 7
Executing: select shower,pdg,px,py,pz,x,z,t,e from particles where shower in (select id from showers ORDER BY substr(id*0.733306,length(id)+2) limit 5739) ORDER BY substr(shower*0.733306,length(shower)+2)

%MSG
%MSG-i CORSIKAGen:  CORSIKAGen:generator 29-Jun-2016 13:48:24 CDT  run: 1 subRun: 1 event: 7
Executing: select shower,pdg,px,py,pz,x,z,t,e from particles where shower in (select id from showers ORDER BY substr(id*0.238033,length(id)+2) limit 459) ORDER BY substr(shower*0.238033,length(shower)+2)

%MSG
%MSG-i CORSIKAGen:  CORSIKAGen:generator 29-Jun-2016 13:48:24 CDT  run: 1 subRun: 1 event: 7
Executing: select shower,pdg,px,py,pz,x,z,t,e from particles where shower in (select id from showers ORDER BY substr(id*0.131850,length(id)+2) limit 272) ORDER BY substr(shower*0.131850,length(shower)+2)

%MSG
%MSG-i CORSIKAGen:  CORSIKAGen:generator 29-Jun-2016 13:48:24 CDT  run: 1 subRun: 1 event: 7
Executing: select shower,pdg,px,py,pz,x,z,t,e from particles where shower in (select id from showers ORDER BY substr(id*0.044579,length(id)+2) limit 43) ORDER BY substr(shower*0.044579,length(shower)+2)

%MSG
%MSG-i CORSIKAGen:  CORSIKAGen:generator 29-Jun-2016 13:48:24 CDT  run: 1 subRun: 1 event: 7
GetSample number of particles returned: 1390

%MSG
%MSG-i CORSIKAGen:  CORSIKAGen:generator 29-Jun-2016 13:48:24 CDT  run: 1 subRun: 1 event: 7
Number of particles from getsample crossing cryostat + bounding box: 465

%MSG
Begin processing the 8th record. run: 1 subRun: 1 event: 8 at 29-Jun-2016 13:48:24 CDT
%MSG-i CORSIKAGen:  CORSIKAGen:generator 29-Jun-2016 13:48:24 CDT  run: 1 subRun: 1 event: 8
Executing: select shower,pdg,px,py,pz,x,z,t,e from particles where shower in (select id from showers ORDER BY substr(id*0.500897,length(id)+2) limit 113271) ORDER BY substr(shower*0.500897,length(shower)+2)

%MSG
%MSG-i CORSIKAGen:  CORSIKAGen:generator 29-Jun-2016 13:48:40 CDT  run: 1 subRun: 1 event: 8
Executing: select shower,pdg,px,py,pz,x,z,t,e from particles where shower in (select id from showers ORDER BY substr(id*0.188408,length(id)+2) limit 5739) ORDER BY substr(shower*0.188408,length(shower)+2)

%MSG
%MSG-i CORSIKAGen:  CORSIKAGen:generator 29-Jun-2016 13:48:40 CDT  run: 1 subRun: 1 event: 8
Executing: select shower,pdg,px,py,pz,x,z,t,e from particles where shower in (select id from showers ORDER BY substr(id*0.700400,length(id)+2) limit 459) ORDER BY substr(shower*0.700400,length(shower)+2)

%MSG
%MSG-i CORSIKAGen:  CORSIKAGen:generator 29-Jun-2016 13:48:40 CDT  run: 1 subRun: 1 event: 8
Executing: select shower,pdg,px,py,pz,x,z,t,e from particles where shower in (select id from showers ORDER BY substr(id*0.433369,length(id)+2) limit 272) ORDER BY substr(shower*0.433369,length(shower)+2)

%MSG
%MSG-i CORSIKAGen:  CORSIKAGen:generator 29-Jun-2016 13:48:40 CDT  run: 1 subRun: 1 event: 8
Executing: select shower,pdg,px,py,pz,x,z,t,e from particles where shower in (select id from showers ORDER BY substr(id*0.141014,length(id)+2) limit 43) ORDER BY substr(shower*0.141014,length(shower)+2)

%MSG
%MSG-i CORSIKAGen:  CORSIKAGen:generator 29-Jun-2016 13:48:40 CDT  run: 1 subRun: 1 event: 8
GetSample number of particles returned: 1484

%MSG
%MSG-i CORSIKAGen:  CORSIKAGen:generator 29-Jun-2016 13:48:40 CDT  run: 1 subRun: 1 event: 8
Number of particles from getsample crossing cryostat + bounding box: 486

%MSG
Begin processing the 9th record. run: 1 subRun: 1 event: 9 at 29-Jun-2016 13:48:40 CDT
%MSG-i CORSIKAGen:  CORSIKAGen:generator 29-Jun-2016 13:48:40 CDT  run: 1 subRun: 1 event: 9
Executing: select shower,pdg,px,py,pz,x,z,t,e from particles where shower in (select id from showers ORDER BY substr(id*0.028678,length(id)+2) limit 113271) ORDER BY substr(shower*0.028678,length(shower)+2)

%MSG
%MSG-i CORSIKAGen:  CORSIKAGen:generator 29-Jun-2016 13:48:56 CDT  run: 1 subRun: 1 event: 9
Executing: select shower,pdg,px,py,pz,x,z,t,e from particles where shower in (select id from showers ORDER BY substr(id*0.620543,length(id)+2) limit 5739) ORDER BY substr(shower*0.620543,length(shower)+2)

%MSG
%MSG-i CORSIKAGen:  CORSIKAGen:generator 29-Jun-2016 13:48:56 CDT  run: 1 subRun: 1 event: 9
Executing: select shower,pdg,px,py,pz,x,z,t,e from particles where shower in (select id from showers ORDER BY substr(id*0.975878,length(id)+2) limit 459) ORDER BY substr(shower*0.975878,length(shower)+2)

%MSG
%MSG-i CORSIKAGen:  CORSIKAGen:generator 29-Jun-2016 13:48:56 CDT  run: 1 subRun: 1 event: 9
Executing: select shower,pdg,px,py,pz,x,z,t,e from particles where shower in (select id from showers ORDER BY substr(id*0.461455,length(id)+2) limit 272) ORDER BY substr(shower*0.461455,length(shower)+2)

%MSG
%MSG-i CORSIKAGen:  CORSIKAGen:generator 29-Jun-2016 13:48:56 CDT  run: 1 subRun: 1 event: 9
Executing: select shower,pdg,px,py,pz,x,z,t,e from particles where shower in (select id from showers ORDER BY substr(id*0.201045,length(id)+2) limit 43) ORDER BY substr(shower*0.201045,length(shower)+2)

%MSG
%MSG-i CORSIKAGen:  CORSIKAGen:generator 29-Jun-2016 13:48:56 CDT  run: 1 subRun: 1 event: 9
GetSample number of particles returned: 1303

%MSG
%MSG-i CORSIKAGen:  CORSIKAGen:generator 29-Jun-2016 13:48:56 CDT  run: 1 subRun: 1 event: 9
Number of particles from getsample crossing cryostat + bounding box: 421

%MSG
Begin processing the 10th record. run: 1 subRun: 1 event: 10 at 29-Jun-2016 13:48:56 CDT
%MSG-i CORSIKAGen:  CORSIKAGen:generator 29-Jun-2016 13:48:56 CDT  run: 1 subRun: 1 event: 10
Executing: select shower,pdg,px,py,pz,x,z,t,e from particles where shower in (select id from showers ORDER BY substr(id*0.673176,length(id)+2) limit 113271) ORDER BY substr(shower*0.673176,length(shower)+2)

%MSG
%MSG-i CORSIKAGen:  CORSIKAGen:generator 29-Jun-2016 13:49:12 CDT  run: 1 subRun: 1 event: 10
Executing: select shower,pdg,px,py,pz,x,z,t,e from particles where shower in (select id from showers ORDER BY substr(id*0.268402,length(id)+2) limit 5739) ORDER BY substr(shower*0.268402,length(shower)+2)

%MSG
%MSG-i CORSIKAGen:  CORSIKAGen:generator 29-Jun-2016 13:49:12 CDT  run: 1 subRun: 1 event: 10
Executing: select shower,pdg,px,py,pz,x,z,t,e from particles where shower in (select id from showers ORDER BY substr(id*0.617766,length(id)+2) limit 459) ORDER BY substr(shower*0.617766,length(shower)+2)

%MSG
%MSG-i CORSIKAGen:  CORSIKAGen:generator 29-Jun-2016 13:49:12 CDT  run: 1 subRun: 1 event: 10
Executing: select shower,pdg,px,py,pz,x,z,t,e from particles where shower in (select id from showers ORDER BY substr(id*0.286827,length(id)+2) limit 272) ORDER BY substr(shower*0.286827,length(shower)+2)

%MSG
%MSG-i CORSIKAGen:  CORSIKAGen:generator 29-Jun-2016 13:49:13 CDT  run: 1 subRun: 1 event: 10
Executing: select shower,pdg,px,py,pz,x,z,t,e from particles where shower in (select id from showers ORDER BY substr(id*0.348786,length(id)+2) limit 43) ORDER BY substr(shower*0.348786,length(shower)+2)

%MSG
%MSG-i CORSIKAGen:  CORSIKAGen:generator 29-Jun-2016 13:49:13 CDT  run: 1 subRun: 1 event: 10
GetSample number of particles returned: 1480

%MSG
%MSG-i CORSIKAGen:  CORSIKAGen:generator 29-Jun-2016 13:49:13 CDT  run: 1 subRun: 1 event: 10
Number of particles from getsample crossing cryostat + bounding box: 466

%MSG

TrigReport ---------- Event  Summary ------------
TrigReport Events total = 10 passed = 10 failed = 0

TrigReport ------ Modules in End-Path: end_path ------------
TrigReport  Trig Bit#    Visited     Passed     Failed      Error Name
TrigReport     0    0         10         10          0          0 out1

TimeReport ---------- Time  Summary ---[sec]----
TimeReport CPU = 158.807741 Real = 156.589194

===================================================================================================================================
TimeTracker printout (sec)                           Min           Avg           Max         Median          RMS         nEvts   
===================================================================================================================================
Full event                                         13.9824       15.8808       17.8533       16.015        1.27044        10     
-----------------------------------------------------------------------------------------------------------------------------------
simulate:rns:RandomNumberSaver                    3.466e-05    7.75693e-05   0.000382461   3.9476e-05    0.000102151      10     
simulate:generator:CORSIKAGen                      13.9742       15.8711       17.8441       16.0046       1.26982        10     
simulate:TriggerResults:TriggerResultInserter    2.6482e-05    3.83336e-05   9.8365e-05    3.1475e-05    2.03535e-05      10     
end_path:out1:RootOutput                         0.00723645    0.00915627     0.0131479    0.00871988    0.00164521       10     
===================================================================================================================================

====================================================================================================

MemoryTracker General SUMMARY (all numbers in units of Mbytes)

  Peak virtual memory usage (VmPeak): 528.398 Mbytes

ProcessStep          Module ID/Event No.                              Δ Vsize      Δ RSS 
===========================================================================================
Module Construction  [ MOD ] out1:RootOutput                             0         0.176   
Module Construction  [ MOD ] rns:RandomNumberSaver                       0         0.164   
Module Construction  [ MOD ] generator:CORSIKAGen                      6.227       4.676   
Module Construction  [ MOD ] TriggerResults:TriggerResultInserter        0         0.008   
-------------------------------------------------------------------------------------------
Module beginJob      [ MOD ] generator:CORSIKAGen                        0         0.008   
Module beginJob      [ MOD ] rns:RandomNumberSaver                       0           0     
Module beginJob      [ MOD ] TriggerResults:TriggerResultInserter        0           0     
Module beginJob      [ MOD ] out1:RootOutput                             0         0.008   
-------------------------------------------------------------------------------------------
Module beginRun      [ MOD ] rns:RandomNumberSaver                       0           0     
Module beginRun      [ MOD ] generator:CORSIKAGen                        0         0.020   
Module beginRun      [ MOD ] TriggerResults:TriggerResultInserter        0           0     
Module beginRun      [ MOD ] out1:RootOutput                             0           0     
-------------------------------------------------------------------------------------------
Module beginSubRun   [ MOD ] rns:RandomNumberSaver                       0           0     
Module beginSubRun   [ MOD ] generator:CORSIKAGen                        0           0     
Module beginSubRun   [ MOD ] TriggerResults:TriggerResultInserter        0           0     
Module beginSubRun   [ MOD ] out1:RootOutput                             0           0     
-------------------------------------------------------------------------------------------
Event source         [ EVT ] #: 1                                        0         0.020   
Event source         [ EVT ] #: 2                                        0         0.008   
Event source         [ EVT ] #: 3                                        0           0     
Event source         [ EVT ] #: 4                                        0           0     
Event source         [ EVT ] #: 5                                        0           0     
Event source         [ EVT ] #: 6                                        0           0     
Event source         [ EVT ] #: 7                                        0           0     
Event source         [ EVT ] #: 8                                        0           0     
Event source         [ EVT ] #: 9                                        0           0     
Event source         [ EVT ] #: 10                                       0           0     
-------------------------------------------------------------------------------------------
Module endSubRun     [ MOD ] rns:RandomNumberSaver                       0           0     
Module endSubRun     [ MOD ] generator:CORSIKAGen                        0           0     
Module endSubRun     [ MOD ] TriggerResults:TriggerResultInserter        0           0     
Module endSubRun     [ MOD ] out1:RootOutput                             0           0     
-------------------------------------------------------------------------------------------
Module endRun        [ MOD ] rns:RandomNumberSaver                       0           0     
Module endRun        [ MOD ] generator:CORSIKAGen                        0           0     
Module endRun        [ MOD ] TriggerResults:TriggerResultInserter        0           0     
Module endRun        [ MOD ] out1:RootOutput                             0           0     
-------------------------------------------------------------------------------------------
Module endJob        [ MOD ] generator:CORSIKAGen                        0           0     
Module endJob        [ MOD ] rns:RandomNumberSaver                       0           0     
Module endJob        [ MOD ] TriggerResults:TriggerResultInserter        0           0     
Module endJob        [ MOD ] out1:RootOutput                             0           0     

====================================================================================================

MemoryTracker Per-event SUMMARY

 ( Numbers in '[...]' correspond to the event nos. in the general summary. )

Events increasing Vsize (Mbytes)        Vsize      Δ Vsize      RSS         Δ RSS 
====================================================================================
 [2 ]  run: 1 subRun: 1 event: 2       527.465      4.465      107.840      4.414   
 [10]  run: 1 subRun: 1 event: 10      527.781      0.168      108.176      0.082   
 [6 ]  run: 1 subRun: 1 event: 6       527.613      0.148      107.996      0.027   

Events with large Vsize (Mbytes)        Vsize      Δ Vsize      RSS         Δ RSS 
====================================================================================
 [6]  run: 1 subRun: 1 event: 6        527.613      0.148      107.996      0.027   
 [7]  run: 1 subRun: 1 event: 7        527.613        0        108.031      0.035   
 [8]  run: 1 subRun: 1 event: 8        527.613        0        108.090      0.059   
 [9]  run: 1 subRun: 1 event: 9        527.613        0        108.094      0.004   

====================================================================================================

MemoryTracker Per-module SUMMARY

 ( Numbers in '[...]' correspond to the event nos. in the general summary. )

Modules increasing Vsize (Mbytes)                  Vsize      Δ Vsize      RSS         Δ RSS 
=================================================================================================
simulate:rns:RandomNumberSaver
 [[ no events ]] 
-------------------------------------------------------------------------------------------------
simulate:generator:CORSIKAGen
 [2 ]  run: 1 subRun: 1 event: 2                  527.465      4.465      107.840      4.414   
 [10]  run: 1 subRun: 1 event: 10                 527.781      0.168      108.176      0.082   
 [6 ]  run: 1 subRun: 1 event: 6                  527.613      0.148      107.996      0.027   
-------------------------------------------------------------------------------------------------
simulate:TriggerResults:TriggerResultInserter
 [[ no events ]] 
-------------------------------------------------------------------------------------------------
end_path:out1:RootOutput
 [[ no events ]] 

Modules with large Vsize (Mbytes)                  Vsize      Δ Vsize      RSS         Δ RSS 
=================================================================================================
simulate:rns:RandomNumberSaver
 [8 ]  run: 1 subRun: 1 event: 8                  527.613        0        108.031        0     
 [9 ]  run: 1 subRun: 1 event: 9                  527.613        0        108.090        0     
 [10]  run: 1 subRun: 1 event: 10                 527.613        0        108.094        0     
 [3 ]  run: 1 subRun: 1 event: 3                  527.465        0        107.840        0     
-------------------------------------------------------------------------------------------------
simulate:generator:CORSIKAGen
 [6 ]  run: 1 subRun: 1 event: 6                  527.613      0.148      107.996      0.027   
 [7 ]  run: 1 subRun: 1 event: 7                  527.613        0        108.031      0.035   
 [8 ]  run: 1 subRun: 1 event: 8                  527.613        0        108.090      0.059   
 [9 ]  run: 1 subRun: 1 event: 9                  527.613        0        108.094      0.004   
-------------------------------------------------------------------------------------------------
simulate:TriggerResults:TriggerResultInserter
 [6 ]  run: 1 subRun: 1 event: 6                  527.613        0        107.996        0     
 [7 ]  run: 1 subRun: 1 event: 7                  527.613        0        108.031        0     
 [8 ]  run: 1 subRun: 1 event: 8                  527.613        0        108.090        0     
 [9 ]  run: 1 subRun: 1 event: 9                  527.613        0        108.094        0     
-------------------------------------------------------------------------------------------------
end_path:out1:RootOutput
 [6 ]  run: 1 subRun: 1 event: 6                  527.613        0        107.996        0     
 [7 ]  run: 1 subRun: 1 event: 7                  527.613        0        108.031        0     
 [8 ]  run: 1 subRun: 1 event: 8                  527.613        0        108.090        0     
 [9 ]  run: 1 subRun: 1 event: 9                  527.613        0        108.094        0     

====================================================================================================

%MSG-i LArSeedService:  RootOutput:out1@EndJob 29-Jun-2016 13:49:14 CDT  PostEndRun

Summary of seeds computed by the LArSeedService
Random policy: 'autoIncrement'
  no limit on number of seeds.
  first seed: 0
   Configured value          Last value   ModuleLabel.InstanceName
         INVALID!!!                       generator

%MSG
Art has completed and will exit with status 0.
